[    7319ms] [LOG] set currentOffer {question: What type of development do you primarily do?, type: multiple-choice, choices: Array(3), required: true, shuffleChoices: false} @ https://www.codewithantonio.com/_next/static/chunks/46f37cacf00de6ca.js?dpl=dpl_A5QmC1b7sRAFV5AkY3Lr23zgYgH5:1
[    7320ms] [LOG] set currentOfferId type-of-development @ https://www.codewithantonio.com/_next/static/chunks/46f37cacf00de6ca.js?dpl=dpl_A5QmC1b7sRAFV5AkY3Lr23zgYgH5:1
[  132575ms] [ERROR] Failed to load resource: the server responded with a status of 404 () @ https://www.codewithantonio.com/build-and-deploy-a-full-stack-elevenlabs-clone/access:0
[  133353ms] [ERROR] Failed to load resource: the server responded with a status of 404 () @ https://www.codewithantonio.com/build-and-deploy-a-cursor-clone/access:0
[  133956ms] [ERROR] Failed to load resource: the server responded with a status of 404 () @ https://www.codewithantonio.com/build-and-deploy-a-saas-ai-website-builder/access:0
[  134604ms] [ERROR] Failed to load resource: the server responded with a status of 404 () @ https://www.codewithantonio.com/build-and-deploy-an-ai-automation-saas/access:0
[  135244ms] [ERROR] Failed to load resource: the server responded with a status of 404 () @ https://www.codewithantonio.com/build-and-deploy-a-b2b-saas-ai-support-platform/access:0
[  136140ms] [ERROR] Failed to load resource: the server responded with a status of 404 () @ https://www.codewithantonio.com/build-and-deploy-a-saas-ai-agent-platform/access:0
[  136700ms] [ERROR] Failed to load resource: the server responded with a status of 404 () @ https://www.codewithantonio.com/build-a-multi-tenant-e-commerce-with-nextjs-tailwind-v4-stripe-connect/access:0
[  137418ms] [ERROR] Failed to load resource: the server responded with a status of 404 () @ https://www.codewithantonio.com/youtube-clone/access:0
[  137998ms] [ERROR] Failed to load resource: the server responded with a status of 404 () @ https://www.codewithantonio.com/build-a-canva-clone/access:0
[  138802ms] [ERROR] Failed to load resource: the server responded with a status of 404 () @ https://www.codewithantonio.com/build-a-finance-platform/access:0
[  139384ms] [ERROR] Failed to load resource: the server responded with a status of 404 () @ https://www.codewithantonio.com/duolingo-clone/access:0
[  140287ms] [ERROR] Failed to load resource: the server responded with a status of 404 () @ https://www.codewithantonio.com/build-a-real-time-miro-clone/access:0
[  141172ms] [ERROR] Failed to load resource: the server responded with a status of 404 () @ https://www.codewithantonio.com/next-auth-v5-advanced-guide/access:0
[  141789ms] [ERROR] Failed to load resource: the server responded with a status of 404 () @ https://www.codewithantonio.com/twitch-clone/access:0
[  142376ms] [ERROR] Failed to load resource: the server responded with a status of 404 () @ https://www.codewithantonio.com/trello-clone/access:0
[  142766ms] [ERROR] Failed to load resource: the server responded with a status of 404 () @ https://www.codewithantonio.com/access:0
[  143014ms] [ERROR] Failed to load resource: the server responded with a status of 404 () @ https://www.codewithantonio.com/project-setup-auth-db~2a381:0
[  144236ms] [ERROR] Failed to load resource: the server responded with a status of 404 () @ https://www.codewithantonio.com/project-setup~0v9kg:0
[  144948ms] [ERROR] Failed to load resource: the server responded with a status of 404 () @ https://www.codewithantonio.com/project-setup~jq0m5:0
[  145563ms] [ERROR] Failed to load resource: the server responded with a status of 404 () @ https://www.codewithantonio.com/setup~7x0l8:0
[  149316ms] [WARNING] The resource https://www.codewithantonio.com/_next/static/chunks/665dc3aa4aa2d85c.css?dpl=dpl_A5QmC1b7sRAFV5AkY3Lr23zgYgH5 was preloaded using link preload but not used within a few seconds from the window's load event. Please make sure it has an appropriate `as` value and it is preloaded intentionally. @ https://www.codewithantonio.com/browse?type=workshop:0
[  149317ms] [WARNING] The resource https://www.codewithantonio.com/_next/static/chunks/83a00abc9c99da36.css?dpl=dpl_A5QmC1b7sRAFV5AkY3Lr23zgYgH5 was preloaded using link preload but not used within a few seconds from the window's load event. Please make sure it has an appropriate `as` value and it is preloaded intentionally. @ https://www.codewithantonio.com/browse?type=workshop:0
[  221070ms] [WARNING] The resource https://www.codewithantonio.com/_next/static/chunks/665dc3aa4aa2d85c.css?dpl=dpl_A5QmC1b7sRAFV5AkY3Lr23zgYgH5 was preloaded using link preload but not used within a few seconds from the window's load event. Please make sure it has an appropriate `as` value and it is preloaded intentionally. @ https://www.codewithantonio.com/browse?type=workshop:0
[  221070ms] [WARNING] The resource https://www.codewithantonio.com/_next/static/chunks/83a00abc9c99da36.css?dpl=dpl_A5QmC1b7sRAFV5AkY3Lr23zgYgH5 was preloaded using link preload but not used within a few seconds from the window's load event. Please make sure it has an appropriate `as` value and it is preloaded intentionally. @ https://www.codewithantonio.com/browse?type=workshop:0
[  246748ms] [WARNING] The resource https://www.codewithantonio.com/_next/static/chunks/665dc3aa4aa2d85c.css?dpl=dpl_A5QmC1b7sRAFV5AkY3Lr23zgYgH5 was preloaded using link preload but not used within a few seconds from the window's load event. Please make sure it has an appropriate `as` value and it is preloaded intentionally. @ https://www.codewithantonio.com/browse?type=workshop:0
[  246748ms] [WARNING] The resource https://www.codewithantonio.com/_next/static/chunks/83a00abc9c99da36.css?dpl=dpl_A5QmC1b7sRAFV5AkY3Lr23zgYgH5 was preloaded using link preload but not used within a few seconds from the window's load event. Please make sure it has an appropriate `as` value and it is preloaded intentionally. @ https://www.codewithantonio.com/browse?type=workshop:0
[  337829ms] [WARNING] The resource https://www.codewithantonio.com/_next/static/chunks/665dc3aa4aa2d85c.css?dpl=dpl_A5QmC1b7sRAFV5AkY3Lr23zgYgH5 was preloaded using link preload but not used within a few seconds from the window's load event. Please make sure it has an appropriate `as` value and it is preloaded intentionally. @ https://www.codewithantonio.com/browse?type=workshop:0
[  337845ms] [WARNING] The resource https://www.codewithantonio.com/_next/static/chunks/83a00abc9c99da36.css?dpl=dpl_A5QmC1b7sRAFV5AkY3Lr23zgYgH5 was preloaded using link preload but not used within a few seconds from the window's load event. Please make sure it has an appropriate `as` value and it is preloaded intentionally. @ https://www.codewithantonio.com/browse?type=workshop:0
[  438451ms] [WARNING] The resource https://www.codewithantonio.com/_next/static/chunks/665dc3aa4aa2d85c.css?dpl=dpl_A5QmC1b7sRAFV5AkY3Lr23zgYgH5 was preloaded using link preload but not used within a few seconds from the window's load event. Please make sure it has an appropriate `as` value and it is preloaded intentionally. @ https://www.codewithantonio.com/browse?type=workshop:0
[  438452ms] [WARNING] The resource https://www.codewithantonio.com/_next/static/chunks/83a00abc9c99da36.css?dpl=dpl_A5QmC1b7sRAFV5AkY3Lr23zgYgH5 was preloaded using link preload but not used within a few seconds from the window's load event. Please make sure it has an appropriate `as` value and it is preloaded intentionally. @ https://www.codewithantonio.com/browse?type=workshop:0
